[35m[Appium][39m Welcome to Appium v1.22.2
[35m[Appium][39m Non-default server args:
[35m[Appium][39m   port: 60740
[35m[Appium][39m   loglevel: info
[35m[Appium][39m   tmpDir: C:\Users\Acer\AppData\Local\Temp\\Katalon\Appium\Temp1663507554434
[35m[Appium][39m   chromedriverPort: 60741
[35m[Appium][39m Deprecated server args:
[35m[Appium][39m   [31m--chromedriver-port[39m => --default-capabilities
[35m[Appium][39m Default capabilities, which will be added to each request unless overridden by desired capabilities:
[35m[Appium][39m   chromedriverPort: 60741
[35m[Appium][39m Appium REST http interface listener started on 0.0.0.0:60740
[35m[HTTP][39m [37m-->[39m [37mGET[39m [37m/wd/hub/status[39m
[35m[HTTP][39m [90m{}[39m
[35m[HTTP][39m [37m<-- GET /wd/hub/status [39m[32m200[39m [90m5 ms - 68[39m
[35m[HTTP][39m [90m[39m
[35m[HTTP][39m [37m-->[39m [37mGET[39m [37m/wd/hub/status[39m
[35m[HTTP][39m [90m{}[39m
[35m[HTTP][39m [37m<-- GET /wd/hub/status [39m[32m200[39m [90m1 ms - 68[39m
[35m[HTTP][39m [90m[39m
[35m[HTTP][39m [37m-->[39m [37mPOST[39m [37m/wd/hub/session[39m
[35m[HTTP][39m [90m{"desiredCapabilities":{"appActivity":".Settings","appPackage":"com.android.settings","newCommandTimeout":1800,"platformVersion":"11","automationName":"uiautomator2","autoGrantPermissions":true,"platformName":"Android","udid":"b064cabe0408","deviceName":"Xiaomi M2003J15SC (Android 11)","platform":"ANDROID","systemPort":8247},"capabilities":{"firstMatch":[{"appium:appActivity":".Settings","appium:appPackage":"com.android.settings","appium:autoGrantPermissions":true,"appium:automationName":"uiautomator2","appium:deviceName":"Xiaomi M2003J15SC (Android 11)","appium:newCommandTimeout":1800,"platform":"ANDROID","platformName":"android","appium:platformVersion":"11","appium:systemPort":8247,"appium:udid":"b064cabe0408"}]}}[39m
[35m[BaseDriver][39m The following capabilities are not standard capabilities and should have an extension prefix:
[35m[BaseDriver][39m   platform
[35m[BaseDriver][39m   chromedriverPort
[35m[Appium][39m Appium v1.22.2 creating new AndroidUiautomator2Driver (v1.70.1) session
[35m[BaseDriver][39m The following capabilities were provided, but are not recognized by Appium:
[35m[BaseDriver][39m   platform
[35m[BaseDriver][39m Session created with session id: 7c33ed1b-9da1-4601-a909-4282069e6973
[35m[UiAutomator2][39m Starting 'com.android.settings' directly on the device
[35m[ADB][39m Found 3 'build-tools' folders under 'C:\Users\Acer\AppData\Local\Android\Sdk' (newest first):
[35m[ADB][39m     C:/Users/Acer/AppData/Local/Android/Sdk/build-tools/31.0.0
[35m[ADB][39m     C:/Users/Acer/AppData/Local/Android/Sdk/build-tools/30.0.3
[35m[ADB][39m     C:/Users/Acer/AppData/Local/Android/Sdk/build-tools/30.0.2
[35m[ADB][39m Using 'adb.exe' from 'C:\Users\Acer\AppData\Local\Android\Sdk\platform-tools\adb.exe'
[35m[AndroidDriver][39m Retrieving device list
[35m[AndroidDriver][39m Using device: b064cabe0408
[35m[ADB][39m Using 'adb.exe' from 'C:\Users\Acer\AppData\Local\Android\Sdk\platform-tools\adb.exe'
[35m[ADB][39m Getting device platform version
[35m[UiAutomator2][39m Relaxing hidden api policy
[35m[AndroidDriver][39m No app sent in, not parsing package/activity
[35m[ADB][39m Using 'apksigner.jar' from 'C:\Users\Acer\AppData\Local\Android\Sdk\build-tools\31.0.0\lib\apksigner.jar'
[35m[ADB][39m 'C:\Users\Acer\AppData\Roaming\npm\node_modules\appium\node_modules\appium-uiautomator2-server\apks\appium-uiautomator2-server-v4.27.0.apk' is signed with the default certificate
[35m[ADB][39m 'C:\Users\Acer\AppData\Roaming\npm\node_modules\appium\node_modules\appium-uiautomator2-server\apks\appium-uiautomator2-server-debug-androidTest.apk' is signed with the default certificate
[35m[UiAutomator2][39m Server packages are not going to be (re)installed
[35m[ADB][39m Adding packages ["io.appium.settings","io.appium.uiautomator2.server","io.appium.uiautomator2.server.test"] to Doze whitelist
[35m[UiAutomator2][39m Starting UIAutomator2 server 4.27.0
[35m[UiAutomator2][39m Using UIAutomator2 server from 'C:\Users\Acer\AppData\Roaming\npm\node_modules\appium\node_modules\appium-uiautomator2-server\apks\appium-uiautomator2-server-v4.27.0.apk' and test from 'C:\Users\Acer\AppData\Roaming\npm\node_modules\appium\node_modules\appium-uiautomator2-server\apks\appium-uiautomator2-server-debug-androidTest.apk'
[35m[UiAutomator2][39m Waiting up to 30000ms for UiAutomator2 to be online...
[35m[WD Proxy][39m socket hang up
[35m[WD Proxy][39m socket hang up
[35m[WD Proxy][39m socket hang up
[35m[WD Proxy][39m Determined the downstream protocol as 'W3C'
[35m[AndroidDriver][39m Screen already unlocked, doing nothing
[35m[UiAutomator2][39m Starting 'com.android.settings/.Settings and waiting for 'com.android.settings/.Settings'
[35m[Appium][39m New AndroidUiautomator2Driver session created successfully, session 7c33ed1b-9da1-4601-a909-4282069e6973 added to master session list
[35m[HTTP][39m [37m<-- POST /wd/hub/session [39m[32m200[39m [90m10774 ms - 1165[39m
[35m[HTTP][39m [90m[39m
[35m[HTTP][39m [37m-->[39m [37mGET[39m [37m/wd/hub/session/7c33ed1b-9da1-4601-a909-4282069e6973[39m
[35m[HTTP][39m [90m{}[39m
[35m[HTTP][39m [37m<-- GET /wd/hub/session/7c33ed1b-9da1-4601-a909-4282069e6973 [39m[32m200[39m [90m13 ms - 1119[39m
[35m[HTTP][39m [90m[39m
[35m[HTTP][39m [37m-->[39m [37mGET[39m [37m/wd/hub/session/7c33ed1b-9da1-4601-a909-4282069e6973[39m
[35m[HTTP][39m [90m{}[39m
[35m[HTTP][39m [37m<-- GET /wd/hub/session/7c33ed1b-9da1-4601-a909-4282069e6973 [39m[32m200[39m [90m12 ms - 1119[39m
[35m[HTTP][39m [90m[39m
[35m[HTTP][39m [37m-->[39m [37mGET[39m [37m/wd/hub/status[39m
[35m[HTTP][39m [90m{}[39m
[35m[HTTP][39m [37m<-- GET /wd/hub/status [39m[32m200[39m [90m1 ms - 68[39m
[35m[HTTP][39m [90m[39m
[35m[HTTP][39m [37m-->[39m [37mPOST[39m [37m/wd/hub/session/7c33ed1b-9da1-4601-a909-4282069e6973/timeouts[39m
[35m[HTTP][39m [90m{"implicit":60000}[39m
[35m[HTTP][39m [37m<-- POST /wd/hub/session/7c33ed1b-9da1-4601-a909-4282069e6973/timeouts [39m[32m200[39m [90m3 ms - 14[39m
[35m[HTTP][39m [90m[39m
[35m[HTTP][39m [37m-->[39m [37mGET[39m [37m/wd/hub/session/7c33ed1b-9da1-4601-a909-4282069e6973/screenshot[39m
[35m[HTTP][39m [90m{}[39m
[35m[HTTP][39m [37m<-- GET /wd/hub/session/7c33ed1b-9da1-4601-a909-4282069e6973/screenshot [39m[32m200[39m [90m606 ms - 190912[39m
[35m[HTTP][39m [90m[39m
[35m[HTTP][39m [37m-->[39m [37mGET[39m [37m/wd/hub/session/7c33ed1b-9da1-4601-a909-4282069e6973/window/rect[39m
[35m[HTTP][39m [90m{}[39m
[35m[HTTP][39m [37m<-- GET /wd/hub/session/7c33ed1b-9da1-4601-a909-4282069e6973/window/rect [39m[32m200[39m [90m29 ms - 50[39m
[35m[HTTP][39m [90m[39m
[35m[HTTP][39m [37m-->[39m [37mGET[39m [37m/wd/hub/session/7c33ed1b-9da1-4601-a909-4282069e6973/appium/device/system_bars[39m
[35m[HTTP][39m [90m{}[39m
[35m[HTTP][39m [37m<-- GET /wd/hub/session/7c33ed1b-9da1-4601-a909-4282069e6973/appium/device/system_bars [39m[32m200[39m [90m172 ms - 149[39m
[35m[HTTP][39m [90m[39m
[35m[HTTP][39m [37m-->[39m [37mPOST[39m [37m/wd/hub/session/7c33ed1b-9da1-4601-a909-4282069e6973/appium/device/activate_app[39m
[35m[HTTP][39m [90m{"bundleId":"com.eroute.omnicard"}[39m
[35m[HTTP][39m [37m<-- POST /wd/hub/session/7c33ed1b-9da1-4601-a909-4282069e6973/appium/device/activate_app [39m[32m200[39m [90m557 ms - 14[39m
[35m[HTTP][39m [90m[39m
[35m[HTTP][39m [37m-->[39m [37mGET[39m [37m/wd/hub/session/7c33ed1b-9da1-4601-a909-4282069e6973/source[39m
[35m[HTTP][39m [90m{}[39m
[35m[W3C (7c33ed1b)][39m Driver proxy active, passing request on via HTTP proxy
[35m[WD Proxy][39m Replacing sessionId eaa6cc91-8f8e-4bc9-8f1f-db7881029ab5 with 7c33ed1b-9da1-4601-a909-4282069e6973
[35m[HTTP][39m [37m<-- GET /wd/hub/session/7c33ed1b-9da1-4601-a909-4282069e6973/source [39m[32m200[39m [90m2477 ms - 8647[39m
[35m[HTTP][39m [90m[39m
[35m[HTTP][39m [37m-->[39m [37mGET[39m [37m/wd/hub/session/7c33ed1b-9da1-4601-a909-4282069e6973/screenshot[39m
[35m[HTTP][39m [90m{}[39m
[35m[HTTP][39m [37m<-- GET /wd/hub/session/7c33ed1b-9da1-4601-a909-4282069e6973/screenshot [39m[32m200[39m [90m745 ms - 182746[39m
[35m[HTTP][39m [90m[39m
[35m[HTTP][39m [37m-->[39m [37mPOST[39m [37m/wd/hub/session/7c33ed1b-9da1-4601-a909-4282069e6973/elements[39m
[35m[HTTP][39m [90m{"using":"xpath","value":"//*[@class = 'android.widget.Button' and (@text = 'Get Started' or . = 'Get Started') and @resource-id = 'com.eroute.omnicard:id/btn_getStarted']"}[39m
[35m[HTTP][39m [37m<-- POST /wd/hub/session/7c33ed1b-9da1-4601-a909-4282069e6973/elements [39m[32m200[39m [90m2512 ms - 139[39m
[35m[HTTP][39m [90m[39m
[35m[HTTP][39m [37m-->[39m [37mPOST[39m [37m/wd/hub/session/7c33ed1b-9da1-4601-a909-4282069e6973/elements[39m
[35m[HTTP][39m [90m{"using":"xpath","value":"//*[@class = 'android.widget.Button' and (@text = 'Get Started' or . = 'Get Started') and @resource-id = 'com.eroute.omnicard:id/btn_getStarted']"}[39m
[35m[HTTP][39m [37m<-- POST /wd/hub/session/7c33ed1b-9da1-4601-a909-4282069e6973/elements [39m[32m200[39m [90m1282 ms - 139[39m
[35m[HTTP][39m [90m[39m
[35m[HTTP][39m [37m-->[39m [37mPOST[39m [37m/wd/hub/session/7c33ed1b-9da1-4601-a909-4282069e6973/elements[39m
[35m[HTTP][39m [90m{"using":"xpath","value":"//*[@class = 'android.widget.Button' and (@text = 'Get Started' or . = 'Get Started') and @resource-id = 'com.eroute.omnicard:id/btn_getStarted']"}[39m
[35m[HTTP][39m [37m<-- POST /wd/hub/session/7c33ed1b-9da1-4601-a909-4282069e6973/elements [39m[32m200[39m [90m306 ms - 139[39m
[35m[HTTP][39m [90m[39m
[35m[HTTP][39m [37m-->[39m [37mGET[39m [37m/wd/hub/session/7c33ed1b-9da1-4601-a909-4282069e6973/source[39m
[35m[HTTP][39m [90m{}[39m
[35m[W3C (7c33ed1b)][39m Driver proxy active, passing request on via HTTP proxy
[35m[WD Proxy][39m Replacing sessionId eaa6cc91-8f8e-4bc9-8f1f-db7881029ab5 with 7c33ed1b-9da1-4601-a909-4282069e6973
[35m[HTTP][39m [37m<-- GET /wd/hub/session/7c33ed1b-9da1-4601-a909-4282069e6973/source [39m[32m200[39m [90m1065 ms - 8647[39m
[35m[HTTP][39m [90m[39m
[35m[HTTP][39m [37m-->[39m [37mGET[39m [37m/wd/hub/session/7c33ed1b-9da1-4601-a909-4282069e6973/screenshot[39m
[35m[HTTP][39m [90m{}[39m
[35m[HTTP][39m [37m<-- GET /wd/hub/session/7c33ed1b-9da1-4601-a909-4282069e6973/screenshot [39m[32m200[39m [90m834 ms - 157528[39m
[35m[HTTP][39m [90m[39m
[35m[HTTP][39m [37m-->[39m [37mPOST[39m [37m/wd/hub/session/7c33ed1b-9da1-4601-a909-4282069e6973/elements[39m
[35m[HTTP][39m [90m{"using":"xpath","value":"//*[@class = 'android.widget.Button' and (@text = 'Get Started' or . = 'Get Started') and @resource-id = 'com.eroute.omnicard:id/btn_getStarted']"}[39m
[35m[HTTP][39m [37m<-- POST /wd/hub/session/7c33ed1b-9da1-4601-a909-4282069e6973/elements [39m[32m200[39m [90m251 ms - 139[39m
[35m[HTTP][39m [90m[39m
[35m[HTTP][39m [37m-->[39m [37mPOST[39m [37m/wd/hub/session/7c33ed1b-9da1-4601-a909-4282069e6973/elements[39m
[35m[HTTP][39m [90m{"using":"xpath","value":"//*[@class = 'android.widget.Button' and (@text = 'Get Started' or . = 'Get Started') and @resource-id = 'com.eroute.omnicard:id/btn_getStarted']"}[39m
[35m[HTTP][39m [37m<-- POST /wd/hub/session/7c33ed1b-9da1-4601-a909-4282069e6973/elements [39m[32m200[39m [90m1796 ms - 139[39m
[35m[HTTP][39m [90m[39m
[35m[HTTP][39m [37m-->[39m [37mGET[39m [37m/wd/hub/session/7c33ed1b-9da1-4601-a909-4282069e6973/window/rect[39m
[35m[HTTP][39m [90m{}[39m
[35m[HTTP][39m [37m<-- GET /wd/hub/session/7c33ed1b-9da1-4601-a909-4282069e6973/window/rect [39m[32m200[39m [90m30 ms - 50[39m
[35m[HTTP][39m [90m[39m
[35m[HTTP][39m [37m-->[39m [37mPOST[39m [37m/wd/hub/session/7c33ed1b-9da1-4601-a909-4282069e6973/elements[39m
[35m[HTTP][39m [90m{"using":"xpath","value":"//*[@class = 'android.widget.Button' and (@text = 'Get Started' or . = 'Get Started') and @resource-id = 'com.eroute.omnicard:id/btn_getStarted']"}[39m
[35m[HTTP][39m [37m<-- POST /wd/hub/session/7c33ed1b-9da1-4601-a909-4282069e6973/elements [39m[32m200[39m [90m292 ms - 139[39m
[35m[HTTP][39m [90m[39m
[35m[HTTP][39m [37m-->[39m [37mGET[39m [37m/wd/hub/session/7c33ed1b-9da1-4601-a909-4282069e6973/element/00000000-0000-0136-ffff-ffff000017aa/location[39m
[35m[HTTP][39m [90m{}[39m
[35m[W3C (7c33ed1b)][39m Driver proxy active, passing request on via HTTP proxy
[35m[WD Proxy][39m Replacing sessionId eaa6cc91-8f8e-4bc9-8f1f-db7881029ab5 with 7c33ed1b-9da1-4601-a909-4282069e6973
[35m[HTTP][39m [37m<-- GET /wd/hub/session/7c33ed1b-9da1-4601-a909-4282069e6973/element/00000000-0000-0136-ffff-ffff000017aa/location [39m[32m200[39m [90m33 ms - 78[39m
[35m[HTTP][39m [90m[39m
[35m[HTTP][39m [37m-->[39m [37mPOST[39m [37m/wd/hub/session/7c33ed1b-9da1-4601-a909-4282069e6973/element/00000000-0000-0136-ffff-ffff000017aa/click[39m
[35m[HTTP][39m [90m{"id":"00000000-0000-0136-ffff-ffff000017aa"}[39m
[35m[HTTP][39m [37m<-- POST /wd/hub/session/7c33ed1b-9da1-4601-a909-4282069e6973/element/00000000-0000-0136-ffff-ffff000017aa/click [39m[32m200[39m [90m84 ms - 14[39m
[35m[HTTP][39m [90m[39m
[35m[HTTP][39m [37m-->[39m [37mGET[39m [37m/wd/hub/session/7c33ed1b-9da1-4601-a909-4282069e6973/source[39m
[35m[HTTP][39m [90m{}[39m
[35m[W3C (7c33ed1b)][39m Driver proxy active, passing request on via HTTP proxy
[35m[WD Proxy][39m Replacing sessionId eaa6cc91-8f8e-4bc9-8f1f-db7881029ab5 with 7c33ed1b-9da1-4601-a909-4282069e6973
[35m[HTTP][39m [37m<-- GET /wd/hub/session/7c33ed1b-9da1-4601-a909-4282069e6973/source [39m[32m200[39m [90m1042 ms - 19469[39m
[35m[HTTP][39m [90m[39m
[35m[HTTP][39m [37m-->[39m [37mGET[39m [37m/wd/hub/session/7c33ed1b-9da1-4601-a909-4282069e6973/screenshot[39m
[35m[HTTP][39m [90m{}[39m
[35m[HTTP][39m [37m<-- GET /wd/hub/session/7c33ed1b-9da1-4601-a909-4282069e6973/screenshot [39m[32m200[39m [90m787 ms - 150856[39m
[35m[HTTP][39m [90m[39m
[35m[HTTP][39m [37m-->[39m [37mPOST[39m [37m/wd/hub/session/7c33ed1b-9da1-4601-a909-4282069e6973/elements[39m
[35m[HTTP][39m [90m{"using":"xpath","value":"//*[@class = 'android.widget.Button' and (@text = 'NONE OF THE ABOVE' or . = 'NONE OF THE ABOVE') and @resource-id = 'com.google.android.gms:id/cancel']"}[39m
[35m[HTTP][39m [37m<-- POST /wd/hub/session/7c33ed1b-9da1-4601-a909-4282069e6973/elements [39m[32m200[39m [90m60145 ms - 12[39m
[35m[HTTP][39m [90m[39m
[35m[HTTP][39m [37m-->[39m [37mPOST[39m [37m/wd/hub/session/7c33ed1b-9da1-4601-a909-4282069e6973/elements[39m
[35m[HTTP][39m [90m{"using":"id","value":"com.google.android.gms:id/cancel"}[39m
[35m[HTTP][39m [37m<-- POST /wd/hub/session/7c33ed1b-9da1-4601-a909-4282069e6973/elements [39m[32m200[39m [90m60050 ms - 12[39m
[35m[HTTP][39m [90m[39m
[35m[HTTP][39m [37m-->[39m [37mPOST[39m [37m/wd/hub/session/7c33ed1b-9da1-4601-a909-4282069e6973/elements[39m
[35m[HTTP][39m [90m{"using":"-android uiautomator","value":"new UiSelector().className(\"android.widget.Button\").text(\"NONE OF THE ABOVE\").resourceId(\"com.google.android.gms:id/cancel\")"}[39m
[35m[HTTP][39m [37m<-- POST /wd/hub/session/7c33ed1b-9da1-4601-a909-4282069e6973/elements [39m[32m200[39m [90m60055 ms - 12[39m
[35m[HTTP][39m [90m[39m
[35m[HTTP][39m [37m-->[39m [37mGET[39m [37m/wd/hub/session/7c33ed1b-9da1-4601-a909-4282069e6973/window/rect[39m
[35m[HTTP][39m [90m{}[39m
[35m[HTTP][39m [37m<-- GET /wd/hub/session/7c33ed1b-9da1-4601-a909-4282069e6973/window/rect [39m[32m200[39m [90m18 ms - 50[39m
[35m[HTTP][39m [90m[39m
[35m[HTTP][39m [37m-->[39m [37mPOST[39m [37m/wd/hub/session/7c33ed1b-9da1-4601-a909-4282069e6973/elements[39m
[35m[HTTP][39m [90m{"using":"xpath","value":"//hierarchy/android.widget.FrameLayout[1]/android.widget.LinearLayout[1]/android.widget.FrameLayout[1]/android.widget.FrameLayout[1]/android.widget.FrameLayout[1]/android.widget.LinearLayout[1]/android.widget.LinearLayout[1]/android.widget.Button[1]"}[39m
[35m[HTTP][39m [37m<-- POST /wd/hub/session/7c33ed1b-9da1-4601-a909-4282069e6973/elements [39m[32m200[39m [90m60110 ms - 12[39m
[35m[HTTP][39m [90m[39m
[35m[BaseDriver][39m Shutting down because we waited 1800 seconds for a command
[35m[Appium][39m Closing session, cause was 'New Command Timeout of 1800 seconds expired. Try customizing the timeout using the 'newCommandTimeout' desired capability'
[35m[Appium][39m Removing session '7c33ed1b-9da1-4601-a909-4282069e6973' from our master session list
[35m[UiAutomator2][39m Restoring hidden api policy to the device default configuration
[35m[HTTP][39m [37m-->[39m [37mDELETE[39m [37m/wd/hub/session/7c33ed1b-9da1-4601-a909-4282069e6973[39m
[35m[HTTP][39m [90m{}[39m
[35m[HTTP][39m [37m<-- DELETE /wd/hub/session/7c33ed1b-9da1-4601-a909-4282069e6973 [39m[33m404[39m [90m56 ms - 2380[39m
[35m[HTTP][39m [90m[39m
